<?xml version="1.0" encoding="UTF-8"?>
<testsuite name="markov.TestMarkovChain" tests="4" skipped="0" failures="0" errors="0" timestamp="2018-12-27T21:12:27" hostname="DESKTOP-LE1JO9N" time="1.665">
  <properties/>
  <testcase name="testDuplicates" classname="markov.TestMarkovChain" time="0.001"/>
  <testcase name="testCleanString" classname="markov.TestMarkovChain" time="0.004"/>
  <testcase name="testAdd" classname="markov.TestMarkovChain" time="1.657"/>
  <testcase name="testSimulate" classname="markov.TestMarkovChain" time="0.0"/>
  <system-out><![CDATA[15755
15755
15755
15755
15755
Initial word is for
 For four, or sorrow, fear, said I, you do well to encourage me by what sounds, when we have done so, as.
]]></system-out>
  <system-err><![CDATA[]]></system-err>
</testsuite>
